websocket message: type: teller.notice.order.under-review
{
  email: '<email>',
  language: 'es',
  substitutions: { name: '<username>' },
  userId: '<user>'
}
websocket message: type: teller-order-v1
{
  orderId: '<order>',
  status: 'review',
  type: 'deposit-creditcard',
  userId: '<user>'
}
websocket message: type: teller.notice.order.review-accepted
{
  email: '<email>',
  language: 'es',
  substitutions: { name: '<username>' },
  userId: '<user>'
}
websocket message: type: wallet-transaction-v1
{
  userId: '<user>',
  pocketId: '<eur_pocket>',
  amount: '<amount>',
  currency: 'EUR',
  transactionId: '<wallet_tx>',
  status: 'completed',
  tellerId: '<internal_id>'
}
websocket message: type: teller.deposit.card.success
{
  pocketId: '<eur_pocket>',
  amount: '<amount>',
  currency: 'EUR',
  tellerId: '<internal_id>',
  transactionId: '<wallet_tx>',
  userId: '<user>'
}